<?xml version="1.0" encoding="UTF-8"?>
<!-- Generated by org.testng.reporters.JUnitXMLReporter -->
<testsuite hostname="Ćorović-PC" ignored="3" name="login" tests="1" failures="0" timestamp="2020-07-15T13:16:23 CEST" time="17.111" errors="0">
  <testcase name="login" time="9.516" classname="sdemo.LoginTest"/>
  <testcase name="loginWithoutPassword" time="0.0" classname="sdemo.LoginTest">
    <ignored/>
  </testcase> <!-- loginWithoutPassword -->
  <testcase name="loginWithoutUserAndPass" time="0.0" classname="sdemo.LoginTest">
    <ignored/>
  </testcase> <!-- loginWithoutUserAndPass -->
  <testcase name="loginWithoutUsername" time="0.0" classname="sdemo.LoginTest">
    <ignored/>
  </testcase> <!-- loginWithoutUsername -->
</testsuite> <!-- login -->
