<?xml version="1.0" encoding="UTF-8"?>
<!-- Generated by org.testng.reporters.JUnitXMLReporter -->
<testsuite hostname="Ćorović-PC" ignored="0" name="Default test" tests="4" failures="0" timestamp="2020-07-23T19:31:11 CEST" time="45.526" errors="0">
  <testcase name="loginWithoutUserAndPass" time="3.915" classname="sdemo.LoginTest"/>
  <testcase name="loginWithoutUsername" time="3.993" classname="sdemo.LoginTest"/>
  <testcase name="loginWithoutPassword" time="7.615" classname="sdemo.LoginTest"/>
  <testcase name="login" time="18.313" classname="sdemo.LoginTest"/>
</testsuite> <!-- Default test -->
