<?xml version="1.0" encoding="UTF-8"?>
<!-- Generated by org.testng.reporters.JUnitXMLReporter -->
<testsuite hostname="Ćorović-PC" ignored="0" name="Default test" tests="4" failures="0" timestamp="2020-07-15T13:14:13 CEST" time="32.95" errors="0">
  <testcase name="loginWithoutUserAndPass" time="4.034" classname="sdemo.LoginTest"/>
  <testcase name="loginWithoutUsername" time="4.088" classname="sdemo.LoginTest"/>
  <testcase name="loginWithoutPassword" time="7.134" classname="sdemo.LoginTest"/>
  <testcase name="login" time="9.363" classname="sdemo.LoginTest"/>
</testsuite> <!-- Default test -->
