<?xml version="1.0" encoding="UTF-8"?>
<!-- Generated by org.testng.reporters.JUnitXMLReporter -->
<testsuite hostname="Ćorović-PC" ignored="1" name="loginWithoutUserAndPass" tests="3" failures="0" timestamp="2020-07-14T18:57:12 CEST" time="22.042" errors="0">
  <testcase name="loginWithoutUserAndPass" time="4.187" classname="sdemo.LoginTest"/>
  <testcase name="loginWithoutUsername" time="3.969" classname="sdemo.LoginTest"/>
  <testcase name="loginWithoutPassword" time="6.846" classname="sdemo.LoginTest"/>
  <testcase name="login" time="0.0" classname="sdemo.LoginTest">
    <ignored/>
  </testcase> <!-- login -->
</testsuite> <!-- loginWithoutUserAndPass -->
