<?xml version="1.0" encoding="UTF-8"?>
<!-- Generated by org.testng.reporters.JUnitXMLReporter -->
<testsuite hostname="Ćorović-PC" ignored="1" name="Test" tests="3" failures="0" timestamp="2020-07-15T13:15:42 CEST" time="22.817" errors="0">
  <testcase name="loginWithoutUserAndPass" time="4.006" classname="sdemo.LoginTest"/>
  <testcase name="loginWithoutUsername" time="4.274" classname="sdemo.LoginTest"/>
  <testcase name="loginWithoutPassword" time="7.135" classname="sdemo.LoginTest"/>
  <testcase name="login" time="0.0" classname="sdemo.LoginTest">
    <ignored/>
  </testcase> <!-- login -->
</testsuite> <!-- Test -->
