<?xml version="1.0" encoding="UTF-8"?>
<testng-results skipped="0" failed="0" ignored="3" total="4" passed="1">
  <reporter-output>
  </reporter-output>
  <suite name="Suite2" duration-ms="17111" started-at="2020-07-15T13:16:06 CEST" finished-at="2020-07-15T13:16:23 CEST">
    <groups>
    </groups>
    <test name="login" duration-ms="17111" started-at="2020-07-15T13:16:06 CEST" finished-at="2020-07-15T13:16:23 CEST">
      <class name="sdemo.LoginTest">
        <test-method status="PASS" signature="setUp()[pri:0, instance:sdemo.LoginTest@694e1548]" name="setUp" is-config="true" duration-ms="6729" started-at="2020-07-15T13:16:06 CEST" finished-at="2020-07-15T13:16:13 CEST">
          <reporter-output>
          </reporter-output>
        </test-method> <!-- setUp -->
        <test-method status="PASS" signature="login()[pri:3, instance:sdemo.LoginTest@694e1548]" name="login" duration-ms="9516" started-at="2020-07-15T13:16:13 CEST" finished-at="2020-07-15T13:16:23 CEST">
          <reporter-output>
          </reporter-output>
        </test-method> <!-- login -->
        <test-method status="PASS" signature="tearDown()[pri:0, instance:sdemo.LoginTest@694e1548]" name="tearDown" is-config="true" duration-ms="790" started-at="2020-07-15T13:16:23 CEST" finished-at="2020-07-15T13:16:23 CEST">
          <reporter-output>
          </reporter-output>
        </test-method> <!-- tearDown -->
      </class> <!-- sdemo.LoginTest -->
    </test> <!-- login -->
  </suite> <!-- Suite2 -->
</testng-results>
